#
# There is insufficient memory for the Java Runtime Environment to continue.
# Native memory allocation (malloc) failed to allocate 201136 bytes for Chunk::new
# Possible reasons:
#   The system is out of physical RAM or swap space
#   The process is running with CompressedOops enabled, and the Java Heap may be blocking the growth of the native heap
# Possible solutions:
#   Reduce memory load on the system
#   Increase physical memory or swap space
#   Check if swap backing store is full
#   Decrease Java heap size (-Xmx/-Xms)
#   Decrease number of Java threads
#   Decrease Java thread stack sizes (-Xss)
#   Set larger code cache with -XX:ReservedCodeCacheSize=
#   JVM is running with Unscaled Compressed Oops mode in which the Java heap is
#     placed in the first 4GB address space. The Java Heap base address is the
#     maximum limit for the native heap growth. Please use -XX:HeapBaseMinAddress
#     to set the Java Heap base and to place the Java Heap above 4GB virtual address.
# This output file may be truncated or incomplete.
#
#  Out of Memory Error (allocation.cpp:389), pid=15076, tid=0x0000000000000078
#
# JRE version: Java(TM) SE Runtime Environment (8.0_271-b09) (build 1.8.0_271-b09)
# Java VM: Java HotSpot(TM) 64-Bit Server VM (25.271-b09 mixed mode windows-amd64 compressed oops)
# Failed to write core dump. Minidumps are not enabled by default on client versions of Windows
#

---------------  T H R E A D  ---------------

Current thread (0x0000020c5b266800):  JavaThread "C2 CompilerThread1" daemon [_thread_in_native, id=120, stack(0x000000c9dfc00000,0x000000c9dfd00000)]

Stack: [0x000000c9dfc00000,0x000000c9dfd00000]
Native frames: (J=compiled Java code, j=interpreted, Vv=VM code, C=native code)
V  [jvm.dll+0x33f6c9]


Current CompileTask:
C2:   5231 1317       4       java.io.WinNTFileSystem::normalize (143 bytes)


---------------  P R O C E S S  ---------------

Java Threads: ( => current thread )
  0x0000020c5c3a8800 JavaThread "Service Thread" daemon [_thread_blocked, id=2300, stack(0x000000c9dfe00000,0x000000c9dff00000)]
  0x0000020c5b283800 JavaThread "C1 CompilerThread2" daemon [_thread_blocked, id=7084, stack(0x000000c9dfd00000,0x000000c9dfe00000)]
=>0x0000020c5b266800 JavaThread "C2 CompilerThread1" daemon [_thread_in_native, id=120, stack(0x000000c9dfc00000,0x000000c9dfd00000)]
  0x0000020c5b20b800 JavaThread "C2 CompilerThread0" daemon [_thread_blocked, id=19172, stack(0x000000c9dfb00000,0x000000c9dfc00000)]
  0x0000020c5b20a000 JavaThread "Monitor Ctrl-Break" daemon [_thread_in_native, id=15292, stack(0x000000c9dfa00000,0x000000c9dfb00000)]
  0x0000020c5b1a2800 JavaThread "Attach Listener" daemon [_thread_blocked, id=20016, stack(0x000000c9df900000,0x000000c9dfa00000)]
  0x0000020c5b1a1800 JavaThread "Signal Dispatcher" daemon [_thread_blocked, id=11860, stack(0x000000c9df800000,0x000000c9df900000)]
  0x0000020c5b17b800 JavaThread "Finalizer" daemon [_thread_blocked, id=6808, stack(0x000000c9df700000,0x000000c9df800000)]
  0x0000020c5b177800 JavaThread "Reference Handler" daemon [_thread_blocked, id=2216, stack(0x000000c9df600000,0x000000c9df700000)]
  0x0000020c452ee800 JavaThread "main" [_thread_in_vm, id=13100, stack(0x000000c9df000000,0x000000c9df100000)]

Other Threads:
  0x0000020c5b150000 VMThread [stack: 0x000000c9df500000,0x000000c9df600000] [id=8000]
  0x0000020c5c3f0000 WatcherThread [stack: 0x000000c9dff00000,0x000000c9e0000000] [id=3244]

VM state:not at safepoint (normal execution)

VM Mutex/Monitor currently owned by a thread: None

heap address: 0x0000000084a00000, size: 1974 MB, Compressed Oops mode: 32-bit
Narrow klass base: 0x0000000000000000, Narrow klass shift: 3
Compressed class space size: 1073741824 Address: 0x0000000100000000

Heap:
 PSYoungGen      total 36864K, used 10266K [0x00000000d6e00000, 0x00000000db600000, 0x0000000100000000)
  eden space 31744K, 16% used [0x00000000d6e00000,0x00000000d730a630,0x00000000d8d00000)
  from space 5120K, 99% used [0x00000000d8d00000,0x00000000d91fc498,0x00000000d9200000)
  to   space 5120K, 0% used [0x00000000db100000,0x00000000db100000,0x00000000db600000)
 ParOldGen       total 84992K, used 84K [0x0000000084a00000, 0x0000000089d00000, 0x00000000d6e00000)
  object space 84992K, 0% used [0x0000000084a00000,0x0000000084a152b8,0x0000000089d00000)
 Metaspace       used 14701K, capacity 15780K, committed 16000K, reserved 1062912K
  class space    used 1890K, capacity 2124K, committed 2176K, reserved 1048576K

Card table byte_map: [0x0000020c56090000,0x0000020c56470000] byte_map_base: 0x0000020c55c6b000

Marking Bits: (ParMarkBitMap*) 0x00000000560a7fe0
 Begin Bits: [0x0000020c56710000, 0x0000020c585e8000)
 End Bits:   [0x0000020c585e8000, 0x0000020c5a4c0000)

Polling page: 0x0000020c45260000

CodeCache: size=245760Kb used=4725Kb max_used=4734Kb free=241034Kb
 bounds [0x0000020c46cd0000, 0x0000020c47180000, 0x0000020c55cd0000]
 total_blobs=1670 nmethods=1318 adapters=264
 compilation: enabled

Compilation events (10 events):
Event: 4.865 Thread 0x0000020c5b20b800 nmethod 1314 0x0000020c4715c010 code [0x0000020c4715c1c0, 0x0000020c4715cea0]
Event: 5.027 Thread 0x0000020c5b283800 1315   !   3       java.lang.Package::getSystemPackage (63 bytes)
Event: 5.028 Thread 0x0000020c5b283800 nmethod 1315 0x0000020c471523d0 code [0x0000020c471525c0, 0x0000020c47152ea0]
Event: 5.060 Thread 0x0000020c5b283800 1316       1       java.lang.StackTraceElement::getMethodName (5 bytes)
Event: 5.060 Thread 0x0000020c5b283800 nmethod 1316 0x0000020c47153690 code [0x0000020c471537e0, 0x0000020c471538f8]
Event: 5.119 Thread 0x0000020c5b266800 1317       4       java.io.WinNTFileSystem::normalize (143 bytes)
Event: 5.173 Thread 0x0000020c5b20b800 1318       4       java.util.zip.Inflater::ensureOpen (47 bytes)
Event: 5.174 Thread 0x0000020c5b20b800 nmethod 1318 0x0000020c47151090 code [0x0000020c471511c0, 0x0000020c47151258]
Event: 5.224 Thread 0x0000020c5b283800 1319       3       java.util.LinkedHashMap::<init> (16 bytes)
Event: 5.225 Thread 0x0000020c5b283800 nmethod 1319 0x0000020c4715ba10 code [0x0000020c4715bb80, 0x0000020c4715bed0]

GC Heap History (6 events):
Event: 2.304 GC heap before
{Heap before GC invocations=1 (full 0):
 PSYoungGen      total 36864K, used 31744K [0x00000000d6e00000, 0x00000000d9700000, 0x0000000100000000)
  eden space 31744K, 100% used [0x00000000d6e00000,0x00000000d8d00000,0x00000000d8d00000)
  from space 5120K, 0% used [0x00000000d9200000,0x00000000d9200000,0x00000000d9700000)
  to   space 5120K, 0% used [0x00000000d8d00000,0x00000000d8d00000,0x00000000d9200000)
 ParOldGen       total 84992K, used 0K [0x0000000084a00000, 0x0000000089d00000, 0x00000000d6e00000)
  object space 84992K, 0% used [0x0000000084a00000,0x0000000084a00000,0x0000000089d00000)
 Metaspace       used 7876K, capacity 8546K, committed 8704K, reserved 1056768K
  class space    used 1026K, capacity 1203K, committed 1280K, reserved 1048576K
Event: 2.313 GC heap after
Heap after GC invocations=1 (full 0):
 PSYoungGen      total 36864K, used 3477K [0x00000000d6e00000, 0x00000000d9700000, 0x0000000100000000)
  eden space 31744K, 0% used [0x00000000d6e00000,0x00000000d6e00000,0x00000000d8d00000)
  from space 5120K, 67% used [0x00000000d8d00000,0x00000000d90657c0,0x00000000d9200000)
  to   space 5120K, 0% used [0x00000000d9200000,0x00000000d9200000,0x00000000d9700000)
 ParOldGen       total 84992K, used 16K [0x0000000084a00000, 0x0000000089d00000, 0x00000000d6e00000)
  object space 84992K, 0% used [0x0000000084a00000,0x0000000084a04000,0x0000000089d00000)
 Metaspace       used 7876K, capacity 8546K, committed 8704K, reserved 1056768K
  class space    used 1026K, capacity 1203K, committed 1280K, reserved 1048576K
}
Event: 3.343 GC heap before
{Heap before GC invocations=2 (full 0):
 PSYoungGen      total 36864K, used 35221K [0x00000000d6e00000, 0x00000000d9700000, 0x0000000100000000)
  eden space 31744K, 100% used [0x00000000d6e00000,0x00000000d8d00000,0x00000000d8d00000)
  from space 5120K, 67% used [0x00000000d8d00000,0x00000000d90657c0,0x00000000d9200000)
  to   space 5120K, 0% used [0x00000000d9200000,0x00000000d9200000,0x00000000d9700000)
 ParOldGen       total 84992K, used 16K [0x0000000084a00000, 0x0000000089d00000, 0x00000000d6e00000)
  object space 84992K, 0% used [0x0000000084a00000,0x0000000084a04000,0x0000000089d00000)
 Metaspace       used 11685K, capacity 12634K, committed 12800K, reserved 1060864K
  class space    used 1490K, capacity 1715K, committed 1792K, reserved 1048576K
Event: 3.356 GC heap after
Heap after GC invocations=2 (full 0):
 PSYoungGen      total 36864K, used 4692K [0x00000000d6e00000, 0x00000000d9700000, 0x0000000100000000)
  eden space 31744K, 0% used [0x00000000d6e00000,0x00000000d6e00000,0x00000000d8d00000)
  from space 5120K, 91% used [0x00000000d9200000,0x00000000d9695150,0x00000000d9700000)
  to   space 5120K, 0% used [0x00000000d8d00000,0x00000000d8d00000,0x00000000d9200000)
 ParOldGen       total 84992K, used 24K [0x0000000084a00000, 0x0000000089d00000, 0x00000000d6e00000)
  object space 84992K, 0% used [0x0000000084a00000,0x0000000084a06000,0x0000000089d00000)
 Metaspace       used 11685K, capacity 12634K, committed 12800K, reserved 1060864K
  class space    used 1490K, capacity 1715K, committed 1792K, reserved 1048576K
}
Event: 4.183 GC heap before
{Heap before GC invocations=3 (full 0):
 PSYoungGen      total 36864K, used 36436K [0x00000000d6e00000, 0x00000000d9700000, 0x0000000100000000)
  eden space 31744K, 100% used [0x00000000d6e00000,0x00000000d8d00000,0x00000000d8d00000)
  from space 5120K, 91% used [0x00000000d9200000,0x00000000d9695150,0x00000000d9700000)
  to   space 5120K, 0% used [0x00000000d8d00000,0x00000000d8d00000,0x00000000d9200000)
 ParOldGen       total 84992K, used 24K [0x0000000084a00000, 0x0000000089d00000, 0x00000000d6e00000)
  object space 84992K, 0% used [0x0000000084a00000,0x0000000084a06000,0x0000000089d00000)
 Metaspace       used 14373K, capacity 15382K, committed 15744K, reserved 1062912K
  class space    used 1846K, capacity 2057K, committed 2176K, reserved 1048576K
Event: 4.752 GC heap after
Heap after GC invocations=3 (full 0):
 PSYoungGen      total 36864K, used 5105K [0x00000000d6e00000, 0x00000000db600000, 0x0000000100000000)
  eden space 31744K, 0% used [0x00000000d6e00000,0x00000000d6e00000,0x00000000d8d00000)
  from space 5120K, 99% used [0x00000000d8d00000,0x00000000d91fc498,0x00000000d9200000)
  to   space 5120K, 0% used [0x00000000db100000,0x00000000db100000,0x00000000db600000)
 ParOldGen       total 84992K, used 84K [0x0000000084a00000, 0x0000000089d00000, 0x00000000d6e00000)
  object space 84992K, 0% used [0x0000000084a00000,0x0000000084a152b8,0x0000000089d00000)
 Metaspace       used 14373K, capacity 15382K, committed 15744K, reserved 1062912K
  class space    used 1846K, capacity 2057K, committed 2176K, reserved 1048576K
}

Deoptimization events (10 events):
Event: 2.181 Thread 0x0000020c452ee800 Uncommon trap: reason=unstable_if action=reinterpret pc=0x0000020c46fa00a0 method=jdk.internal.org.objectweb.asm.Type.getArgumentsAndReturnSizes(Ljava/lang/String;)I @ 88
Event: 2.510 Thread 0x0000020c452ee800 Uncommon trap: reason=null_check action=make_not_entrant pc=0x0000020c46e9cc24 method=java.lang.String.equals(Ljava/lang/Object;)Z @ 8
Event: 2.569 Thread 0x0000020c452ee800 Uncommon trap: reason=unstable_if action=reinterpret pc=0x0000020c46fc27a4 method=java.lang.String.lastIndexOf([CII[CIII)I @ 17
Event: 2.866 Thread 0x0000020c452ee800 Uncommon trap: reason=class_check action=maybe_recompile pc=0x0000020c47049794 method=java.lang.String.equals(Ljava/lang/Object;)Z @ 8
Event: 2.873 Thread 0x0000020c452ee800 Uncommon trap: reason=class_check action=maybe_recompile pc=0x0000020c47049794 method=java.lang.String.equals(Ljava/lang/Object;)Z @ 8
Event: 2.873 Thread 0x0000020c452ee800 Uncommon trap: reason=class_check action=maybe_recompile pc=0x0000020c47049794 method=java.lang.String.equals(Ljava/lang/Object;)Z @ 8
Event: 2.882 Thread 0x0000020c452ee800 Uncommon trap: reason=class_check action=maybe_recompile pc=0x0000020c47049794 method=java.lang.String.equals(Ljava/lang/Object;)Z @ 8
Event: 3.217 Thread 0x0000020c452ee800 Uncommon trap: reason=unstable_if action=reinterpret pc=0x0000020c46f6ce20 method=java.io.WinNTFileSystem.normalize(Ljava/lang/String;)Ljava/lang/String; @ 128
Event: 3.542 Thread 0x0000020c452ee800 Uncommon trap: reason=range_check action=make_not_entrant pc=0x0000020c46f04ca0 method=sun.reflect.generics.parser.SignatureParser.current()C @ 34
Event: 3.792 Thread 0x0000020c452ee800 Uncommon trap: reason=unstable_if action=reinterpret pc=0x0000020c471375b8 method=java.util.jar.Manifest$FastInputStream.readLine([BII)I @ 87

Classes redefined (0 events):
No events

Internal exceptions (10 events):
Event: 2.566 Thread 0x0000020c452ee800 Exception <a 'java/io/FileNotFoundException'> (0x00000000d73d9c70) thrown at [C:\jenkins\workspace\8-2-build-windows-amd64-cygwin\jdk8u271\605\hotspot\src\share\vm\prims\jni.cpp, line 710]
Event: 2.742 Thread 0x0000020c452ee800 Exception <a 'java/lang/NoSuchMethodError': org.slf4j.impl.StaticMDCBinder.getSingleton()Lorg/slf4j/impl/StaticMDCBinder;> (0x00000000d7728630) thrown at [C:\jenkins\workspace\8-2-build-windows-amd64-cygwin\jdk8u271\605\hotspot\src\share\vm\interpreter\li
Event: 3.090 Thread 0x0000020c452ee800 Exception <a 'java/lang/NoSuchMethodError': java.lang.Object.lambda$comparingInt$7b0bb60$1(Ljava/util/function/ToIntFunction;Ljava/lang/Object;Ljava/lang/Object;)I> (0x00000000d8694560) thrown at [C:\jenkins\workspace\8-2-build-windows-amd64-cygwin\jdk8u2
Event: 3.493 Thread 0x0000020c452ee800 Exception <a 'java/lang/NoSuchMethodError': java.lang.Object.lambda$static$0(Ljava/lang/Object;)Ljava/lang/Object;> (0x00000000d72867b8) thrown at [C:\jenkins\workspace\8-2-build-windows-amd64-cygwin\jdk8u271\605\hotspot\src\share\vm\interpreter\linkResol
Event: 3.542 Thread 0x0000020c452ee800 Exception <a 'java/lang/ArrayIndexOutOfBoundsException': 18> (0x00000000d756cab8) thrown at [C:\jenkins\workspace\8-2-build-windows-amd64-cygwin\jdk8u271\605\hotspot\src\share\vm\interpreter\interpreterRuntime.cpp, line 371]
Event: 3.543 Thread 0x0000020c452ee800 Exception <a 'java/lang/ArrayIndexOutOfBoundsException': 182> (0x00000000d756f208) thrown at [C:\jenkins\workspace\8-2-build-windows-amd64-cygwin\jdk8u271\605\hotspot\src\share\vm\interpreter\interpreterRuntime.cpp, line 371]
Event: 3.544 Thread 0x0000020c452ee800 Exception <a 'java/lang/ArrayIndexOutOfBoundsException': 60> (0x00000000d7571788) thrown at [C:\jenkins\workspace\8-2-build-windows-amd64-cygwin\jdk8u271\605\hotspot\src\share\vm\interpreter\interpreterRuntime.cpp, line 371]
Event: 3.891 Thread 0x0000020c452ee800 Exception <a 'java/lang/IncompatibleClassChangeError': Found class java.lang.Object, but interface was expected> (0x00000000d86cf978) thrown at [C:\jenkins\workspace\8-2-build-windows-amd64-cygwin\jdk8u271\605\hotspot\src\share\vm\interpreter\linkResolver
Event: 3.961 Thread 0x0000020c452ee800 Exception <a 'java/lang/NoSuchMethodError': java.lang.Object.lambda$static$0(Lorg/springframework/boot/WebApplicationType;)Lorg/springframework/context/ConfigurableApplicationContext;> (0x00000000d8878680) thrown at [C:\jenkins\workspace\8-2-build-windows
Event: 5.110 Thread 0x0000020c452ee800 Exception <a 'java/lang/NoSuchMethodError': java.lang.Object.lambda$fromSpringFactories$0(Ljava/lang/ClassLoader;)Ljava/util/List;> (0x00000000d71af050) thrown at [C:\jenkins\workspace\8-2-build-windows-amd64-cygwin\jdk8u271\605\hotspot\src\share\vm\inter

Events (10 events):
Event: 5.211 loading class org/springframework/boot/logging/java/JavaLoggingSystem/Factory
Event: 5.211 loading class org/springframework/boot/logging/java/JavaLoggingSystem/Factory done
Event: 5.212 loading class org/springframework/boot/logging/java/JavaLoggingSystem$Factory
Event: 5.212 loading class org/springframework/boot/logging/java/JavaLoggingSystem$Factory done
Event: 5.222 loading class org/springframework/boot/logging/java/JavaLoggingSystem
Event: 5.222 loading class org/springframework/boot/logging/java/JavaLoggingSystem done
Event: 5.226 loading class ch/qos/logback/classic/turbo/TurboFilter
Event: 5.226 loading class ch/qos/logback/classic/turbo/TurboFilter done
Event: 5.228 loading class org/springframework/boot/logging/logback/LogbackLoggingSystem$1
Event: 5.228 loading class org/springframework/boot/logging/logback/LogbackLoggingSystem$1 done


Dynamic libraries:
0x00007ff7dcb10000 - 0x00007ff7dcb57000 	C:\Program Files\Java\jdk1.8.0_271\bin\java.exe
0x00007ffbe9b90000 - 0x00007ffbe9d85000 	C:\WINDOWS\SYSTEM32\ntdll.dll
0x00007ffbe8ce0000 - 0x00007ffbe8d9d000 	C:\WINDOWS\System32\KERNEL32.DLL
0x00007ffbe7620000 - 0x00007ffbe78e9000 	C:\WINDOWS\System32\KERNELBASE.dll
0x00007ffbe91c0000 - 0x00007ffbe926c000 	C:\WINDOWS\System32\ADVAPI32.dll
0x00007ffbe9080000 - 0x00007ffbe911e000 	C:\WINDOWS\System32\msvcrt.dll
0x00007ffbe7cb0000 - 0x00007ffbe7d4b000 	C:\WINDOWS\System32\sechost.dll
0x00007ffbe9750000 - 0x00007ffbe987a000 	C:\WINDOWS\System32\RPCRT4.dll
0x00007ffbe8da0000 - 0x00007ffbe8f40000 	C:\WINDOWS\System32\USER32.dll
0x00007ffbe7540000 - 0x00007ffbe7562000 	C:\WINDOWS\System32\win32u.dll
0x00007ffbe8b80000 - 0x00007ffbe8baa000 	C:\WINDOWS\System32\GDI32.dll
0x00007ffbe7a50000 - 0x00007ffbe7b5b000 	C:\WINDOWS\System32\gdi32full.dll
0x00007ffbe7370000 - 0x00007ffbe740d000 	C:\WINDOWS\System32\msvcp_win.dll
0x00007ffbe7440000 - 0x00007ffbe7540000 	C:\WINDOWS\System32\ucrtbase.dll
0x00007ffbd5f40000 - 0x00007ffbd61da000 	C:\WINDOWS\WinSxS\amd64_microsoft.windows.common-controls_6595b64144ccf1df_6.0.19041.1110_none_60b5254171f9507e\COMCTL32.dll
0x00007ffbe9280000 - 0x00007ffbe92b0000 	C:\WINDOWS\System32\IMM32.DLL
0x00007ffbe10b0000 - 0x00007ffbe10c5000 	C:\Program Files\Java\jdk1.8.0_271\jre\bin\vcruntime140.dll
0x00007ffbc95a0000 - 0x00007ffbc963b000 	C:\Program Files\Java\jdk1.8.0_271\jre\bin\msvcp140.dll
0x00000000558b0000 - 0x000000005611f000 	C:\Program Files\Java\jdk1.8.0_271\jre\bin\server\jvm.dll
0x00007ffbe9270000 - 0x00007ffbe9278000 	C:\WINDOWS\System32\PSAPI.DLL
0x00007ffbd35e0000 - 0x00007ffbd35e9000 	C:\WINDOWS\SYSTEM32\WSOCK32.dll
0x00007ffbe8f40000 - 0x00007ffbe8fab000 	C:\WINDOWS\System32\WS2_32.dll
0x00007ffbd1d00000 - 0x00007ffbd1d27000 	C:\WINDOWS\SYSTEM32\WINMM.dll
0x00007ffbd4010000 - 0x00007ffbd401a000 	C:\WINDOWS\SYSTEM32\VERSION.dll
0x00007ffbe5b50000 - 0x00007ffbe5b62000 	C:\WINDOWS\SYSTEM32\kernel.appcore.dll
0x00007ffbe18a0000 - 0x00007ffbe18b0000 	C:\Program Files\Java\jdk1.8.0_271\jre\bin\verify.dll
0x00007ffbe0f70000 - 0x00007ffbe0f9b000 	C:\Program Files\Java\jdk1.8.0_271\jre\bin\java.dll
0x00007ffbd2bb0000 - 0x00007ffbd2be0000 	C:\Program Files\Java\jdk1.8.0_271\jre\bin\instrument.dll
0x00007ffbdfe30000 - 0x00007ffbdfe48000 	C:\Program Files\Java\jdk1.8.0_271\jre\bin\zip.dll
0x00007ffbe7d50000 - 0x00007ffbe848f000 	C:\WINDOWS\System32\SHELL32.dll
0x00007ffbe53b0000 - 0x00007ffbe5b40000 	C:\WINDOWS\SYSTEM32\windows.storage.dll
0x00007ffbe8740000 - 0x00007ffbe8a95000 	C:\WINDOWS\System32\combase.dll
0x00007ffbe6d20000 - 0x00007ffbe6d4c000 	C:\WINDOWS\SYSTEM32\Wldp.dll
0x00007ffbe8690000 - 0x00007ffbe873e000 	C:\WINDOWS\System32\SHCORE.dll
0x00007ffbe9af0000 - 0x00007ffbe9b45000 	C:\WINDOWS\System32\shlwapi.dll
0x00007ffbe7200000 - 0x00007ffbe721f000 	C:\WINDOWS\SYSTEM32\profapi.dll
0x00007ffbd1830000 - 0x00007ffbd184a000 	C:\Program Files\JetBrains\IntelliJ IDEA 2021.2\bin\breakgen64.dll
0x00007ffbdafe0000 - 0x00007ffbdaffc000 	C:\Program Files\Java\jdk1.8.0_271\jre\bin\net.dll
0x00007ffbe6a80000 - 0x00007ffbe6aea000 	C:\WINDOWS\system32\mswsock.dll
0x00007ffbd6720000 - 0x00007ffbd6733000 	C:\Program Files\Java\jdk1.8.0_271\jre\bin\nio.dll

VM Arguments:
jvm_args: -ea -Didea.test.cyclic.buffer.size=1048576 -javaagent:C:\Program Files\JetBrains\IntelliJ IDEA 2021.2\lib\idea_rt.jar=52095:C:\Program Files\JetBrains\IntelliJ IDEA 2021.2\bin -Dfile.encoding=UTF-8 
java_command: com.intellij.rt.junit.JUnitStarter -ideVersion5 -junit5 se.lecicon.jpaassignment_recipeedatabase.JpaAssignmentRecipeeDatabaseApplicationTests
java_class_path (initial): C:\Program Files\JetBrains\IntelliJ IDEA 2021.2\lib\idea_rt.jar;C:\Users\deltagare\.m2\repository\org\junit\platform\junit-platform-launcher\1.7.2\junit-platform-launcher-1.7.2.jar;C:\Program Files\JetBrains\IntelliJ IDEA 2021.2\plugins\junit\lib\junit5-rt.jar;C:\Program Files\JetBrains\IntelliJ IDEA 2021.2\plugins\junit\lib\junit-rt.jar;C:\Program Files\Java\jdk1.8.0_271\jre\lib\charsets.jar;C:\Program Files\Java\jdk1.8.0_271\jre\lib\deploy.jar;C:\Program Files\Java\jdk1.8.0_271\jre\lib\ext\access-bridge-64.jar;C:\Program Files\Java\jdk1.8.0_271\jre\lib\ext\cldrdata.jar;C:\Program Files\Java\jdk1.8.0_271\jre\lib\ext\dnsns.jar;C:\Program Files\Java\jdk1.8.0_271\jre\lib\ext\jaccess.jar;C:\Program Files\Java\jdk1.8.0_271\jre\lib\ext\jfxrt.jar;C:\Program Files\Java\jdk1.8.0_271\jre\lib\ext\localedata.jar;C:\Program Files\Java\jdk1.8.0_271\jre\lib\ext\nashorn.jar;C:\Program Files\Java\jdk1.8.0_271\jre\lib\ext\sunec.jar;C:\Program Files\Java\jdk1.8.0_271\jre\lib\ext\sunjce_provider.jar;C:\Program Files\Java\jdk1.8.0_271\jre\lib\ext\sunmscapi.jar;C:\Program Files\Java\jdk1.8.0_271\jre\lib\ext\sunpkcs11.jar;C:\Program Files\Java\jdk1.8.0_271\jre\lib\ext\zipfs.jar;C:\Program Files\Java\jdk1.8.0_271\jre\lib\javaws.jar;C:\Program Files\Java\jdk1.8.0_271\jre\lib\jce.jar;C:\Program Files\Java\jdk1.8.0_271\jre\lib\jfr.jar;C:\Program Files\Java\jdk1.8.0_271\jre\lib\jfxswt.jar;C:\Program Files\Java\jdk1.8.0_271\jre\lib\jsse.jar;C:\Program Files\Java\jdk1.8.0_271\jre\lib\management-agent.jar;C:\Program Files\Java\jdk1.8.0_271\jre\lib\plugin.jar;C:\Program Files\Java\jdk1.8.0_271\jre\lib\resources.jar;C:\Program Files\Java\jdk1.8.0_271\jre\lib\rt.jar;C:\Users\deltagare\IdeaProjects\jpaAssignment_recipeeDatabase\target\test-classes;C:\Users\deltagare\IdeaProjects\jpaAssignment_recipeeDatabase\target\classes;C:\Users\deltagare\.m2\repository\org\springframework\boot\spring-boot-starter-data-jpa\2.5.4\spring-boot-starter-data-jpa-2.5.4.jar;C:\Users\deltagar
Launcher Type: SUN_STANDARD

Environment Variables:
PATH=C:\Program Files\AdoptOpenJDK\jdk-11.0.11.9-hotspot\bin;C:\Program Files (x86)\Common Files\Oracle\Java\javapath;C:\Program Files (x86)\Intel\iCLS Client\;C:\Program Files\Intel\iCLS Client\;C:\WINDOWS\system32;C:\WINDOWS;C:\WINDOWS\System32\Wbem;C:\WINDOWS\System32\WindowsPowerShell\v1.0\;C:\WINDOWS\System32\OpenSSH\;C:\Program Files (x86)\Intel\Intel(R) Management Engine Components\DAL;C:\Program Files\Intel\Intel(R) Management Engine Components\DAL;C:\Program Files (x86)\Intel\Intel(R) Management Engine Components\IPT;C:\Program Files\Intel\Intel(R) Management Engine Components\IPT;C:\Program Files\Git\cmd;C:\Program Files\PuTTY\;C:\Users\deltagare\AppData\Local\Microsoft\WindowsApps;;C:\Program Files\JetBrains\IntelliJ IDEA Community Edition 2021.1\bin;;C:\Program Files\JetBrains\IntelliJ IDEA 2021.2\bin;
USERNAME=deltagare
OS=Windows_NT
PROCESSOR_IDENTIFIER=Intel64 Family 6 Model 61 Stepping 4, GenuineIntel



---------------  S Y S T E M  ---------------

OS: Windows 10.0 , 64 bit Build 19041 (10.0.19041.1151)

CPU:total 4 (initial active 4) (2 cores per cpu, 2 threads per core) family 6 model 61 stepping 4, cmov, cx8, fxsr, mmx, sse, sse2, sse3, ssse3, sse4.1, sse4.2, popcnt, avx, avx2, aes, clmul, erms, rtm, 3dnowpref, lzcnt, ht, tsc, tscinvbit, bmi1, bmi2, adx

Memory: 4k page, physical 8077532k(454308k free), swap 33243356k(24k free)

vm_info: Java HotSpot(TM) 64-Bit Server VM (25.271-b09) for windows-amd64 JRE (1.8.0_271-b09), built on Sep 16 2020 19:14:59 by "" with MS VC++ 15.9 (VS2017)

time: Sun Sep 19 23:00:58 2021
timezone: W. Europe Daylight Time
elapsed time: 5.237796 seconds (0d 0h 0m 5s)

